<?xml version="1.0" encoding="UTF-8"?>
<testsuite name="RangeTests" tests="1" skipped="0" failures="0" errors="0" timestamp="2024-05-03T13:27:01" hostname="Quocs-MBP16.local" time="0.306">
  <properties/>
  <testcase name="start" classname="RangeTests" time="0.306"/>
  <system-out><![CDATA[?[1;31m
Start test 1 (45)?[0m
?[1;31m
Start test 2 (46)?[0m
?[1;31m
Start test 3 (47)?[0m
?[1;31m
Start test 4 (48)?[0m
?[1;31m
Start test 5 (49)?[0m
?[1;31m
Start test 6 (50)?[0m
?[1;31m
Start test 7 (51)?[0m
?[1;31m
Start test 8 (52)?[0m
?[1;31m
Start test 9 (53)?[0m
?[1;31m
Start test 10 (54)?[0m
?[1;31m
Start test 11 (55)?[0m
?[1;31m
Start test 12 (56)?[0m
?[1;31m
Start test 13 (57)?[0m
?[1;31m
Start test 14 (58)?[0m
?[1;31m
Start test 15 (59)?[0m
?[1;31m
Start test 16 (60)?[0m
?[1;31m
Start test 17 (61)?[0m
?[1;31m
Start test 18 (62)?[0m
?[1;31m
Start test 19 (63)?[0m
?[1;31m
Start test 20 (64)?[0m
?[1;31m
Start test 21 (65)?[0m
?[1;31m
Start test 22 (66)?[0m
?[1;31m
Start test 23 (67)?[0m
?[1;31m
Start test 24 (68)?[0m
?[1;31m
Start test 25 (69)?[0m
?[1;31m
Start test 26 (70)?[0m
?[1;31m
Start test 27 (71)?[0m
?[1;31m
Start test 28 (72)?[0m
?[1;31m
Start test 29 (73)?[0m
?[1;31m
Start test 30 (74)?[0m
?[1;31m
Start test 31 (75)?[0m
?[1;31m
Start test 32 (76)?[0m
?[1;31m
Start test 33 (77)?[0m
?[1;31m
Start test 34 (78)?[0m
?[1;31m
Start test 35 (79)?[0m
?[1;31m
Start test 36 (80)?[0m
]]></system-out>
  <system-err><![CDATA[]]></system-err>
</testsuite>
