<?xml version="1.0" encoding="UTF-8"?>
<testsuite name="ImmutabilityTests" tests="1" skipped="0" failures="0" errors="0" timestamp="2024-05-02T13:22:23" hostname="Quocs-MBP16.local" time="0.005">
  <properties/>
  <testcase name="start" classname="ImmutabilityTests" time="0.005"/>
  <system-out><![CDATA[?[1;31m
Start test 1 (16)?[0m
?[1;31m
Start test 2 (17)?[0m
?[1;31m
Start test 3 (18)?[0m
?[1;31m
Start test 4 (19)?[0m
?[1;31m
Start test 5 (20)?[0m
]]></system-out>
  <system-err><![CDATA[]]></system-err>
</testsuite>
