<?xml version="1.0" encoding="UTF-8"?>
<testsuite name="QueueTests" tests="1" skipped="0" failures="0" errors="0" timestamp="2024-05-03T13:27:01" hostname="Quocs-MBP16.local" time="0.019">
  <properties/>
  <testcase name="start" classname="QueueTests" time="0.019"/>
  <system-out><![CDATA[?[1;31m
Start test 1 (34)?[0m
?[1;31m
Start test 2 (35)?[0m
?[1;31m
Start test 3 (36)?[0m
?[1;31m
Start test 4 (37)?[0m
?[1;31m
Start test 5 (38)?[0m
?[1;31m
Start test 6 (39)?[0m
?[1;31m
Start test 7 (40)?[0m
?[1;31m
Start test 8 (41)?[0m
?[1;31m
Start test 9 (42)?[0m
?[1;31m
Start test 10 (43)?[0m
?[1;31m
Start test 11 (44)?[0m
]]></system-out>
  <system-err><![CDATA[]]></system-err>
</testsuite>
