<?xml version="1.0" encoding="UTF-8"?>
<testsuite name="BiMapTests" tests="1" skipped="0" failures="0" errors="0" timestamp="2024-05-02T13:22:23" hostname="Quocs-MBP16.local" time="0.057">
  <properties/>
  <testcase name="start" classname="BiMapTests" time="0.057"/>
  <system-out><![CDATA[?[1;31m
Start test 1?[0m
?[1;31m
Start test 2?[0m
?[1;31m
Start test 3?[0m
?[1;31m
Start test 4?[0m
?[1;31m
Start test 5?[0m
?[1;31m
Start test 6?[0m
?[1;31m
Start test 7?[0m
?[1;31m
Start test 8?[0m
?[1;31m
Start test 9?[0m
?[1;31m
Start test 10?[0m
?[1;31m
Start test 11?[0m
?[1;31m
Start test 12?[0m
?[1;31m
Start test 13?[0m
?[1;31m
Start test 14?[0m
?[1;31m
Start test 15?[0m
]]></system-out>
  <system-err><![CDATA[]]></system-err>
</testsuite>
