<?xml version="1.0" encoding="UTF-8"?>
<testsuite name="MultisetTests" tests="1" skipped="0" failures="0" errors="0" timestamp="2024-05-03T13:27:01" hostname="Quocs-MBP16.local" time="0.021">
  <properties/>
  <testcase name="start" classname="MultisetTests" time="0.021"/>
  <system-out><![CDATA[?[1;31m
Start test 1 (21)?[0m
?[1;31m
Start test 2 (22)?[0m
?[1;31m
Start test 3 (23)?[0m
?[1;31m
Start test 4 (24)?[0m
?[1;31m
Start test 5 (25)?[0m
?[1;31m
Start test 6 (26)?[0m
?[1;31m
Start test 7 (27)?[0m
?[1;31m
Start test 8 (28)?[0m
?[1;31m
Start test 9 (29)?[0m
?[1;31m
Start test 10 (30)?[0m
?[1;31m
Start test 11 (31)?[0m
?[1;31m
Start test 12 (32)?[0m
?[1;31m
Start test 13 (33)?[0m
]]></system-out>
  <system-err><![CDATA[]]></system-err>
</testsuite>
